<?xml version="1.0" encoding="UTF-8"?>
<!-- Generated by org.testng.reporters.JUnitReportReporter -->
<testsuite hostname="NIBC2960" failures="0" tests="1" name="com.qa.qaTests.LoginPageTest" time="27.753" errors="0" timestamp="2023-06-27T14:39:41 IST" skipped="0">
  <testcase classname="com.qa.qaTests.LoginPageTest" name="loginfunctionality" time="27.753"/>
</testsuite> <!-- com.qa.qaTests.LoginPageTest -->
